{"/Users/macbook/Desktop/Projet_9_Letot_Dagan1/Letot_Dagan_1_code_032024/bill-app/Billed-app-FR-Front/src/constants/routes.js": {"path":"/Users/macbook/Desktop/Projet_9_Letot_Dagan1/Letot_Dagan_1_code_032024/bill-app/Billed-app-FR-Front/src/constants/routes.js","statementMap":{"0":{"start":{"line":6,"column":27},"end":{"line":11,"column":1}},"1":{"start":{"line":13,"column":22},"end":{"line":26,"column":1}},"2":{"start":{"line":14,"column":2},"end":{"line":25,"column":3}},"3":{"start":{"line":16,"column":6},"end":{"line":16,"column":46}},"4":{"start":{"line":18,"column":6},"end":{"line":18,"column":46}},"5":{"start":{"line":20,"column":6},"end":{"line":20,"column":24}},"6":{"start":{"line":22,"column":6},"end":{"line":22,"column":50}},"7":{"start":{"line":24,"column":6},"end":{"line":24,"column":46}}},"fnMap":{"0":{"name":"(anonymous_0)","decl":{"start":{"line":13,"column":22},"end":{"line":13,"column":23}},"loc":{"start":{"line":13,"column":62},"end":{"line":26,"column":1}},"line":13}},"branchMap":{"0":{"loc":{"start":{"line":14,"column":2},"end":{"line":25,"column":3}},"type":"switch","locations":[{"start":{"line":15,"column":4},"end":{"line":16,"column":46}},{"start":{"line":17,"column":4},"end":{"line":18,"column":46}},{"start":{"line":19,"column":4},"end":{"line":20,"column":24}},{"start":{"line":21,"column":4},"end":{"line":22,"column":50}},{"start":{"line":23,"column":4},"end":{"line":24,"column":46}}],"line":14}},"s":{"0":6,"1":6,"2":39,"3":11,"4":12,"5":3,"6":12,"7":1},"f":{"0":39},"b":{"0":[11,12,3,12,1]},"_coverageSchema":"1a1c01bbd47fc00a2c39e90264f33305004495a9","hash":"75645764bf1d508db25f628f61db7578fa4940bf"}
,"/Users/macbook/Desktop/Projet_9_Letot_Dagan1/Letot_Dagan_1_code_032024/bill-app/Billed-app-FR-Front/src/constants/usersTest.js": {"path":"/Users/macbook/Desktop/Projet_9_Letot_Dagan1/Letot_Dagan_1_code_032024/bill-app/Billed-app-FR-Front/src/constants/usersTest.js","statementMap":{},"fnMap":{},"branchMap":{},"s":{},"f":{},"b":{},"_coverageSchema":"1a1c01bbd47fc00a2c39e90264f33305004495a9","hash":"061be9af2b8b8354ac9bb8b7bfec4278b0748b3e"}
,"/Users/macbook/Desktop/Projet_9_Letot_Dagan1/Letot_Dagan_1_code_032024/bill-app/Billed-app-FR-Front/src/containers/Bills.js": {"path":"/Users/macbook/Desktop/Projet_9_Letot_Dagan1/Letot_Dagan_1_code_032024/bill-app/Billed-app-FR-Front/src/containers/Bills.js","statementMap":{"0":{"start":{"line":7,"column":4},"end":{"line":7,"column":28}},"1":{"start":{"line":8,"column":4},"end":{"line":8,"column":32}},"2":{"start":{"line":9,"column":4},"end":{"line":9,"column":22}},"3":{"start":{"line":10,"column":26},"end":{"line":10,"column":86}},"4":{"start":{"line":11,"column":4},"end":{"line":11,"column":87}},"5":{"start":{"line":11,"column":23},"end":{"line":11,"column":87}},"6":{"start":{"line":12,"column":20},"end":{"line":12,"column":76}},"7":{"start":{"line":13,"column":4},"end":{"line":15,"column":6}},"8":{"start":{"line":13,"column":17},"end":{"line":15,"column":6}},"9":{"start":{"line":14,"column":6},"end":{"line":14,"column":73}},"10":{"start":{"line":14,"column":43},"end":{"line":14,"column":72}},"11":{"start":{"line":16,"column":4},"end":{"line":16,"column":54}},"12":{"start":{"line":19,"column":23},"end":{"line":21,"column":3}},"13":{"start":{"line":20,"column":4},"end":{"line":20,"column":43}},"14":{"start":{"line":23,"column":23},"end":{"line":28,"column":3}},"15":{"start":{"line":24,"column":20},"end":{"line":24,"column":54}},"16":{"start":{"line":25,"column":21},"end":{"line":25,"column":63}},"17":{"start":{"line":26,"column":4},"end":{"line":26,"column":168}},"18":{"start":{"line":27,"column":4},"end":{"line":27,"column":34}},"19":{"start":{"line":30,"column":13},"end":{"line":60,"column":5}},"20":{"start":{"line":31,"column":4},"end":{"line":59,"column":7}},"21":{"start":{"line":32,"column":6},"end":{"line":58,"column":10}},"22":{"start":{"line":38,"column":10},"end":{"line":38,"column":73}},"23":{"start":{"line":38,"column":35},"end":{"line":38,"column":70}},"24":{"start":{"line":39,"column":10},"end":{"line":39,"column":32}},"25":{"start":{"line":40,"column":25},"end":{"line":55,"column":12}},"26":{"start":{"line":41,"column":12},"end":{"line":54,"column":13}},"27":{"start":{"line":42,"column":14},"end":{"line":46,"column":15}},"28":{"start":{"line":48,"column":14},"end":{"line":48,"column":38}},"29":{"start":{"line":49,"column":14},"end":{"line":53,"column":15}},"30":{"start":{"line":56,"column":10},"end":{"line":56,"column":46}},"31":{"start":{"line":57,"column":10},"end":{"line":57,"column":23}}},"fnMap":{"0":{"name":"(anonymous_0)","decl":{"start":{"line":6,"column":2},"end":{"line":6,"column":3}},"loc":{"start":{"line":6,"column":61},"end":{"line":17,"column":3}},"line":6},"1":{"name":"(anonymous_1)","decl":{"start":{"line":13,"column":33},"end":{"line":13,"column":34}},"loc":{"start":{"line":13,"column":41},"end":{"line":15,"column":5}},"line":13},"2":{"name":"(anonymous_2)","decl":{"start":{"line":14,"column":37},"end":{"line":14,"column":38}},"loc":{"start":{"line":14,"column":43},"end":{"line":14,"column":72}},"line":14},"3":{"name":"(anonymous_3)","decl":{"start":{"line":19,"column":23},"end":{"line":19,"column":24}},"loc":{"start":{"line":19,"column":29},"end":{"line":21,"column":3}},"line":19},"4":{"name":"(anonymous_4)","decl":{"start":{"line":23,"column":23},"end":{"line":23,"column":24}},"loc":{"start":{"line":23,"column":33},"end":{"line":28,"column":3}},"line":23},"5":{"name":"(anonymous_5)","decl":{"start":{"line":30,"column":13},"end":{"line":30,"column":14}},"loc":{"start":{"line":30,"column":19},"end":{"line":60,"column":5}},"line":30},"6":{"name":"(anonymous_6)","decl":{"start":{"line":35,"column":14},"end":{"line":35,"column":15}},"loc":{"start":{"line":35,"column":26},"end":{"line":58,"column":9}},"line":35},"7":{"name":"(anonymous_7)","decl":{"start":{"line":38,"column":24},"end":{"line":38,"column":25}},"loc":{"start":{"line":38,"column":35},"end":{"line":38,"column":70}},"line":38},"8":{"name":"(anonymous_8)","decl":{"start":{"line":40,"column":38},"end":{"line":40,"column":39}},"loc":{"start":{"line":40,"column":45},"end":{"line":55,"column":11}},"line":40}},"branchMap":{"0":{"loc":{"start":{"line":11,"column":4},"end":{"line":11,"column":87}},"type":"if","locations":[{"start":{"line":11,"column":4},"end":{"line":11,"column":87}},{"start":{"line":11,"column":4},"end":{"line":11,"column":87}}],"line":11},"1":{"loc":{"start":{"line":13,"column":4},"end":{"line":15,"column":6}},"type":"if","locations":[{"start":{"line":13,"column":4},"end":{"line":15,"column":6}},{"start":{"line":13,"column":4},"end":{"line":15,"column":6}}],"line":13},"2":{"loc":{"start":{"line":31,"column":4},"end":{"line":59,"column":7}},"type":"if","locations":[{"start":{"line":31,"column":4},"end":{"line":59,"column":7}},{"start":{"line":31,"column":4},"end":{"line":59,"column":7}}],"line":31}},"s":{"0":14,"1":14,"2":14,"3":14,"4":14,"5":12,"6":14,"7":14,"8":14,"9":64,"10":0,"11":14,"12":14,"13":1,"14":14,"15":4,"16":4,"17":4,"18":4,"19":14,"20":7,"21":7,"22":5,"23":30,"24":5,"25":5,"26":20,"27":20,"28":0,"29":0,"30":5,"31":5},"f":{"0":14,"1":64,"2":0,"3":1,"4":4,"5":7,"6":5,"7":30,"8":20},"b":{"0":[12,2],"1":[14,0],"2":[7,0]},"_coverageSchema":"1a1c01bbd47fc00a2c39e90264f33305004495a9","hash":"f0ddf6d19ec5cdaf18ab7bfe0fee0f37b365e37b"}
,"/Users/macbook/Desktop/Projet_9_Letot_Dagan1/Letot_Dagan_1_code_032024/bill-app/Billed-app-FR-Front/src/containers/Dashboard.js": {"path":"/Users/macbook/Desktop/Projet_9_Letot_Dagan1/Letot_Dagan_1_code_032024/bill-app/Billed-app-FR-Front/src/containers/Dashboard.js","statementMap":{"0":{"start":{"line":8,"column":29},"end":{"line":28,"column":1}},"1":{"start":{"line":9,"column":2},"end":{"line":27,"column":11}},"2":{"start":{"line":14,"column":6},"end":{"line":24,"column":7}},"3":{"start":{"line":15,"column":8},"end":{"line":15,"column":50}},"4":{"start":{"line":26,"column":6},"end":{"line":26,"column":28}},"5":{"start":{"line":30,"column":20},"end":{"line":53,"column":1}},"6":{"start":{"line":31,"column":28},"end":{"line":31,"column":52}},"7":{"start":{"line":32,"column":20},"end":{"line":33,"column":40}},"8":{"start":{"line":34,"column":19},"end":{"line":35,"column":53}},"9":{"start":{"line":37,"column":2},"end":{"line":52,"column":4}},"10":{"start":{"line":55,"column":21},"end":{"line":57,"column":1}},"11":{"start":{"line":56,"column":2},"end":{"line":56,"column":76}},"12":{"start":{"line":56,"column":51},"end":{"line":56,"column":61}},"13":{"start":{"line":59,"column":25},"end":{"line":68,"column":1}},"14":{"start":{"line":60,"column":2},"end":{"line":67,"column":3}},"15":{"start":{"line":62,"column":6},"end":{"line":62,"column":22}},"16":{"start":{"line":64,"column":6},"end":{"line":64,"column":23}},"17":{"start":{"line":66,"column":6},"end":{"line":66,"column":22}},"18":{"start":{"line":72,"column":4},"end":{"line":72,"column":28}},"19":{"start":{"line":73,"column":4},"end":{"line":73,"column":32}},"20":{"start":{"line":74,"column":4},"end":{"line":74,"column":22}},"21":{"start":{"line":75,"column":4},"end":{"line":75,"column":71}},"22":{"start":{"line":75,"column":35},"end":{"line":75,"column":70}},"23":{"start":{"line":76,"column":4},"end":{"line":76,"column":71}},"24":{"start":{"line":76,"column":35},"end":{"line":76,"column":70}},"25":{"start":{"line":77,"column":4},"end":{"line":77,"column":71}},"26":{"start":{"line":77,"column":35},"end":{"line":77,"column":70}},"27":{"start":{"line":78,"column":4},"end":{"line":78,"column":44}},"28":{"start":{"line":81,"column":23},"end":{"line":86,"column":3}},"29":{"start":{"line":82,"column":20},"end":{"line":82,"column":58}},"30":{"start":{"line":83,"column":21},"end":{"line":83,"column":69}},"31":{"start":{"line":84,"column":4},"end":{"line":84,"column":144}},"32":{"start":{"line":85,"column":4},"end":{"line":85,"column":96}},"33":{"start":{"line":85,"column":60},"end":{"line":85,"column":96}},"34":{"start":{"line":89,"column":4},"end":{"line":89,"column":75}},"35":{"start":{"line":89,"column":59},"end":{"line":89,"column":75}},"36":{"start":{"line":90,"column":4},"end":{"line":90,"column":71}},"37":{"start":{"line":90,"column":54},"end":{"line":90,"column":71}},"38":{"start":{"line":91,"column":4},"end":{"line":107,"column":5}},"39":{"start":{"line":92,"column":6},"end":{"line":94,"column":8}},"40":{"start":{"line":93,"column":8},"end":{"line":93,"column":61}},"41":{"start":{"line":95,"column":6},"end":{"line":95,"column":62}},"42":{"start":{"line":96,"column":6},"end":{"line":96,"column":69}},"43":{"start":{"line":97,"column":6},"end":{"line":97,"column":52}},"44":{"start":{"line":98,"column":6},"end":{"line":98,"column":21}},"45":{"start":{"line":100,"column":6},"end":{"line":100,"column":62}},"46":{"start":{"line":102,"column":6},"end":{"line":104,"column":8}},"47":{"start":{"line":105,"column":6},"end":{"line":105,"column":52}},"48":{"start":{"line":106,"column":6},"end":{"line":106,"column":21}},"49":{"start":{"line":108,"column":4},"end":{"line":108,"column":51}},"50":{"start":{"line":109,"column":4},"end":{"line":109,"column":72}},"51":{"start":{"line":109,"column":39},"end":{"line":109,"column":71}},"52":{"start":{"line":110,"column":4},"end":{"line":110,"column":72}},"53":{"start":{"line":110,"column":39},"end":{"line":110,"column":71}},"54":{"start":{"line":113,"column":23},"end":{"line":121,"column":3}},"55":{"start":{"line":114,"column":20},"end":{"line":118,"column":5}},"56":{"start":{"line":119,"column":4},"end":{"line":119,"column":28}},"57":{"start":{"line":120,"column":4},"end":{"line":120,"column":45}},"58":{"start":{"line":123,"column":23},"end":{"line":131,"column":3}},"59":{"start":{"line":124,"column":20},"end":{"line":128,"column":5}},"60":{"start":{"line":129,"column":4},"end":{"line":129,"column":28}},"61":{"start":{"line":130,"column":4},"end":{"line":130,"column":45}},"62":{"start":{"line":134,"column":4},"end":{"line":134,"column":76}},"63":{"start":{"line":134,"column":60},"end":{"line":134,"column":76}},"64":{"start":{"line":135,"column":4},"end":{"line":135,"column":76}},"65":{"start":{"line":135,"column":58},"end":{"line":135,"column":76}},"66":{"start":{"line":136,"column":4},"end":{"line":146,"column":5}},"67":{"start":{"line":137,"column":6},"end":{"line":137,"column":69}},"68":{"start":{"line":138,"column":6},"end":{"line":139,"column":65}},"69":{"start":{"line":140,"column":6},"end":{"line":140,"column":21}},"70":{"start":{"line":142,"column":6},"end":{"line":142,"column":70}},"71":{"start":{"line":143,"column":6},"end":{"line":144,"column":17}},"72":{"start":{"line":145,"column":6},"end":{"line":145,"column":21}},"73":{"start":{"line":149,"column":4},"end":{"line":151,"column":7}},"74":{"start":{"line":150,"column":6},"end":{"line":150,"column":45}},"75":{"start":{"line":153,"column":4},"end":{"line":155,"column":7}},"76":{"start":{"line":154,"column":6},"end":{"line":154,"column":84}},"77":{"start":{"line":154,"column":45},"end":{"line":154,"column":82}},"78":{"start":{"line":157,"column":4},"end":{"line":157,"column":17}},"79":{"start":{"line":160,"column":21},"end":{"line":179,"column":3}},"80":{"start":{"line":161,"column":4},"end":{"line":178,"column":5}},"81":{"start":{"line":162,"column":6},"end":{"line":177,"column":8}},"82":{"start":{"line":166,"column":22},"end":{"line":172,"column":11}},"83":{"start":{"line":167,"column":21},"end":{"line":172,"column":9}},"84":{"start":{"line":173,"column":8},"end":{"line":173,"column":20}},"85":{"start":{"line":176,"column":8},"end":{"line":176,"column":20}}},"fnMap":{"0":{"name":"(anonymous_0)","decl":{"start":{"line":8,"column":29},"end":{"line":8,"column":30}},"loc":{"start":{"line":8,"column":47},"end":{"line":28,"column":1}},"line":8},"1":{"name":"(anonymous_1)","decl":{"start":{"line":10,"column":16},"end":{"line":10,"column":17}},"loc":{"start":{"line":10,"column":24},"end":{"line":27,"column":5}},"line":10},"2":{"name":"(anonymous_2)","decl":{"start":{"line":30,"column":20},"end":{"line":30,"column":21}},"loc":{"start":{"line":30,"column":30},"end":{"line":53,"column":1}},"line":30},"3":{"name":"(anonymous_3)","decl":{"start":{"line":55,"column":21},"end":{"line":55,"column":22}},"loc":{"start":{"line":55,"column":32},"end":{"line":57,"column":1}},"line":55},"4":{"name":"(anonymous_4)","decl":{"start":{"line":56,"column":43},"end":{"line":56,"column":44}},"loc":{"start":{"line":56,"column":51},"end":{"line":56,"column":61}},"line":56},"5":{"name":"(anonymous_5)","decl":{"start":{"line":59,"column":25},"end":{"line":59,"column":26}},"loc":{"start":{"line":59,"column":36},"end":{"line":68,"column":1}},"line":59},"6":{"name":"(anonymous_6)","decl":{"start":{"line":71,"column":2},"end":{"line":71,"column":3}},"loc":{"start":{"line":71,"column":68},"end":{"line":79,"column":3}},"line":71},"7":{"name":"(anonymous_7)","decl":{"start":{"line":75,"column":28},"end":{"line":75,"column":29}},"loc":{"start":{"line":75,"column":35},"end":{"line":75,"column":70}},"line":75},"8":{"name":"(anonymous_8)","decl":{"start":{"line":76,"column":28},"end":{"line":76,"column":29}},"loc":{"start":{"line":76,"column":35},"end":{"line":76,"column":70}},"line":76},"9":{"name":"(anonymous_9)","decl":{"start":{"line":77,"column":28},"end":{"line":77,"column":29}},"loc":{"start":{"line":77,"column":35},"end":{"line":77,"column":70}},"line":77},"10":{"name":"(anonymous_10)","decl":{"start":{"line":81,"column":23},"end":{"line":81,"column":24}},"loc":{"start":{"line":81,"column":29},"end":{"line":86,"column":3}},"line":81},"11":{"name":"(anonymous_11)","decl":{"start":{"line":88,"column":2},"end":{"line":88,"column":3}},"loc":{"start":{"line":88,"column":35},"end":{"line":111,"column":3}},"line":88},"12":{"name":"(anonymous_12)","decl":{"start":{"line":92,"column":20},"end":{"line":92,"column":21}},"loc":{"start":{"line":92,"column":25},"end":{"line":94,"column":7}},"line":92},"13":{"name":"(anonymous_13)","decl":{"start":{"line":109,"column":32},"end":{"line":109,"column":33}},"loc":{"start":{"line":109,"column":39},"end":{"line":109,"column":71}},"line":109},"14":{"name":"(anonymous_14)","decl":{"start":{"line":110,"column":32},"end":{"line":110,"column":33}},"loc":{"start":{"line":110,"column":39},"end":{"line":110,"column":71}},"line":110},"15":{"name":"(anonymous_15)","decl":{"start":{"line":113,"column":23},"end":{"line":113,"column":24}},"loc":{"start":{"line":113,"column":36},"end":{"line":121,"column":3}},"line":113},"16":{"name":"(anonymous_16)","decl":{"start":{"line":123,"column":23},"end":{"line":123,"column":24}},"loc":{"start":{"line":123,"column":36},"end":{"line":131,"column":3}},"line":123},"17":{"name":"(anonymous_17)","decl":{"start":{"line":133,"column":2},"end":{"line":133,"column":3}},"loc":{"start":{"line":133,"column":37},"end":{"line":158,"column":3}},"line":133},"18":{"name":"(anonymous_18)","decl":{"start":{"line":149,"column":18},"end":{"line":149,"column":19}},"loc":{"start":{"line":149,"column":26},"end":{"line":151,"column":5}},"line":149},"19":{"name":"(anonymous_19)","decl":{"start":{"line":153,"column":18},"end":{"line":153,"column":19}},"loc":{"start":{"line":153,"column":26},"end":{"line":155,"column":5}},"line":153},"20":{"name":"(anonymous_20)","decl":{"start":{"line":154,"column":38},"end":{"line":154,"column":39}},"loc":{"start":{"line":154,"column":45},"end":{"line":154,"column":82}},"line":154},"21":{"name":"(anonymous_21)","decl":{"start":{"line":160,"column":21},"end":{"line":160,"column":22}},"loc":{"start":{"line":160,"column":27},"end":{"line":179,"column":3}},"line":160},"22":{"name":"(anonymous_22)","decl":{"start":{"line":165,"column":12},"end":{"line":165,"column":13}},"loc":{"start":{"line":165,"column":24},"end":{"line":174,"column":7}},"line":165},"23":{"name":"(anonymous_23)","decl":{"start":{"line":167,"column":13},"end":{"line":167,"column":14}},"loc":{"start":{"line":167,"column":21},"end":{"line":172,"column":9}},"line":167},"24":{"name":"(anonymous_24)","decl":{"start":{"line":175,"column":13},"end":{"line":175,"column":14}},"loc":{"start":{"line":175,"column":22},"end":{"line":177,"column":7}},"line":175}},"branchMap":{"0":{"loc":{"start":{"line":9,"column":9},"end":{"line":27,"column":11}},"type":"cond-expr","locations":[{"start":{"line":10,"column":4},"end":{"line":27,"column":6}},{"start":{"line":27,"column":9},"end":{"line":27,"column":11}}],"line":9},"1":{"loc":{"start":{"line":9,"column":10},"end":{"line":9,"column":29}},"type":"binary-expr","locations":[{"start":{"line":9,"column":10},"end":{"line":9,"column":14}},{"start":{"line":9,"column":18},"end":{"line":9,"column":29}}],"line":9},"2":{"loc":{"start":{"line":14,"column":6},"end":{"line":24,"column":7}},"type":"if","locations":[{"start":{"line":14,"column":6},"end":{"line":24,"column":7}},{"start":{"line":14,"column":6},"end":{"line":24,"column":7}}],"line":14},"3":{"loc":{"start":{"line":32,"column":20},"end":{"line":33,"column":40}},"type":"cond-expr","locations":[{"start":{"line":33,"column":4},"end":{"line":33,"column":35}},{"start":{"line":33,"column":38},"end":{"line":33,"column":40}}],"line":32},"4":{"loc":{"start":{"line":34,"column":19},"end":{"line":35,"column":53}},"type":"cond-expr","locations":[{"start":{"line":35,"column":2},"end":{"line":35,"column":33}},{"start":{"line":35,"column":36},"end":{"line":35,"column":53}}],"line":34},"5":{"loc":{"start":{"line":56,"column":9},"end":{"line":56,"column":76}},"type":"cond-expr","locations":[{"start":{"line":56,"column":33},"end":{"line":56,"column":71}},{"start":{"line":56,"column":74},"end":{"line":56,"column":76}}],"line":56},"6":{"loc":{"start":{"line":56,"column":9},"end":{"line":56,"column":30}},"type":"binary-expr","locations":[{"start":{"line":56,"column":9},"end":{"line":56,"column":14}},{"start":{"line":56,"column":18},"end":{"line":56,"column":30}}],"line":56},"7":{"loc":{"start":{"line":60,"column":2},"end":{"line":67,"column":3}},"type":"switch","locations":[{"start":{"line":61,"column":4},"end":{"line":62,"column":22}},{"start":{"line":63,"column":4},"end":{"line":64,"column":23}},{"start":{"line":65,"column":4},"end":{"line":66,"column":22}}],"line":60},"8":{"loc":{"start":{"line":85,"column":4},"end":{"line":85,"column":96}},"type":"if","locations":[{"start":{"line":85,"column":4},"end":{"line":85,"column":96}},{"start":{"line":85,"column":4},"end":{"line":85,"column":96}}],"line":85},"9":{"loc":{"start":{"line":89,"column":4},"end":{"line":89,"column":75}},"type":"if","locations":[{"start":{"line":89,"column":4},"end":{"line":89,"column":75}},{"start":{"line":89,"column":4},"end":{"line":89,"column":75}}],"line":89},"10":{"loc":{"start":{"line":89,"column":8},"end":{"line":89,"column":57}},"type":"binary-expr","locations":[{"start":{"line":89,"column":8},"end":{"line":89,"column":34}},{"start":{"line":89,"column":38},"end":{"line":89,"column":57}}],"line":89},"11":{"loc":{"start":{"line":90,"column":4},"end":{"line":90,"column":71}},"type":"if","locations":[{"start":{"line":90,"column":4},"end":{"line":90,"column":71}},{"start":{"line":90,"column":4},"end":{"line":90,"column":71}}],"line":90},"12":{"loc":{"start":{"line":90,"column":8},"end":{"line":90,"column":52}},"type":"binary-expr","locations":[{"start":{"line":90,"column":8},"end":{"line":90,"column":29}},{"start":{"line":90,"column":33},"end":{"line":90,"column":52}}],"line":90},"13":{"loc":{"start":{"line":91,"column":4},"end":{"line":107,"column":5}},"type":"if","locations":[{"start":{"line":91,"column":4},"end":{"line":107,"column":5}},{"start":{"line":91,"column":4},"end":{"line":107,"column":5}}],"line":91},"14":{"loc":{"start":{"line":134,"column":4},"end":{"line":134,"column":76}},"type":"if","locations":[{"start":{"line":134,"column":4},"end":{"line":134,"column":76}},{"start":{"line":134,"column":4},"end":{"line":134,"column":76}}],"line":134},"15":{"loc":{"start":{"line":134,"column":8},"end":{"line":134,"column":58}},"type":"binary-expr","locations":[{"start":{"line":134,"column":8},"end":{"line":134,"column":34}},{"start":{"line":134,"column":38},"end":{"line":134,"column":58}}],"line":134},"16":{"loc":{"start":{"line":135,"column":4},"end":{"line":135,"column":76}},"type":"if","locations":[{"start":{"line":135,"column":4},"end":{"line":135,"column":76}},{"start":{"line":135,"column":4},"end":{"line":135,"column":76}}],"line":135},"17":{"loc":{"start":{"line":135,"column":8},"end":{"line":135,"column":56}},"type":"binary-expr","locations":[{"start":{"line":135,"column":8},"end":{"line":135,"column":32}},{"start":{"line":135,"column":36},"end":{"line":135,"column":56}}],"line":135},"18":{"loc":{"start":{"line":136,"column":4},"end":{"line":146,"column":5}},"type":"if","locations":[{"start":{"line":136,"column":4},"end":{"line":146,"column":5}},{"start":{"line":136,"column":4},"end":{"line":146,"column":5}}],"line":136},"19":{"loc":{"start":{"line":161,"column":4},"end":{"line":178,"column":5}},"type":"if","locations":[{"start":{"line":161,"column":4},"end":{"line":178,"column":5}},{"start":{"line":161,"column":4},"end":{"line":178,"column":5}}],"line":161}},"s":{"0":6,"1":44,"2":104,"3":104,"4":104,"5":6,"6":6,"7":6,"8":6,"9":6,"10":6,"11":6,"12":6,"13":6,"14":5,"15":3,"16":1,"17":1,"18":14,"19":14,"20":14,"21":14,"22":0,"23":14,"24":0,"25":14,"26":0,"27":14,"28":14,"29":1,"30":1,"31":1,"32":1,"33":0,"34":3,"35":2,"36":3,"37":2,"38":3,"39":2,"40":8,"41":2,"42":2,"43":2,"44":2,"45":1,"46":1,"47":1,"48":1,"49":3,"50":3,"51":0,"52":3,"53":0,"54":14,"55":1,"56":1,"57":1,"58":14,"59":1,"60":1,"61":1,"62":5,"63":5,"64":5,"65":5,"66":5,"67":5,"68":5,"69":5,"70":0,"71":0,"72":0,"73":5,"74":20,"75":5,"76":20,"77":3,"78":5,"79":14,"80":5,"81":5,"82":3,"83":12,"84":3,"85":2},"f":{"0":44,"1":104,"2":6,"3":6,"4":6,"5":5,"6":14,"7":0,"8":0,"9":0,"10":1,"11":3,"12":8,"13":0,"14":0,"15":1,"16":1,"17":5,"18":20,"19":20,"20":3,"21":5,"22":3,"23":12,"24":2},"b":{"0":[26,18],"1":[44,26],"2":[104,0],"3":[0,6],"4":[0,6],"5":[5,1],"6":[6,6],"7":[3,1,1],"8":[0,1],"9":[2,1],"10":[3,3],"11":[2,1],"12":[3,1],"13":[2,1],"14":[5,0],"15":[5,2],"16":[5,0],"17":[5,2],"18":[5,0],"19":[5,0]},"_coverageSchema":"1a1c01bbd47fc00a2c39e90264f33305004495a9","hash":"59ba3c4a4d7edd0038b43b1b75dc52346c310260"}
,"/Users/macbook/Desktop/Projet_9_Letot_Dagan1/Letot_Dagan_1_code_032024/bill-app/Billed-app-FR-Front/src/containers/Login.js": {"path":"/Users/macbook/Desktop/Projet_9_Letot_Dagan1/Letot_Dagan_1_code_032024/bill-app/Billed-app-FR-Front/src/containers/Login.js","statementMap":{"0":{"start":{"line":3,"column":31},"end":{"line":3,"column":33}},"1":{"start":{"line":8,"column":4},"end":{"line":8,"column":28}},"2":{"start":{"line":9,"column":4},"end":{"line":9,"column":36}},"3":{"start":{"line":10,"column":4},"end":{"line":10,"column":32}},"4":{"start":{"line":11,"column":4},"end":{"line":11,"column":46}},"5":{"start":{"line":12,"column":4},"end":{"line":12,"column":22}},"6":{"start":{"line":13,"column":25},"end":{"line":13,"column":89}},"7":{"start":{"line":14,"column":4},"end":{"line":14,"column":70}},"8":{"start":{"line":15,"column":22},"end":{"line":15,"column":83}},"9":{"start":{"line":16,"column":4},"end":{"line":16,"column":64}},"10":{"start":{"line":18,"column":25},"end":{"line":38,"column":3}},"11":{"start":{"line":19,"column":4},"end":{"line":19,"column":22}},"12":{"start":{"line":20,"column":17},"end":{"line":25,"column":5}},"13":{"start":{"line":26,"column":4},"end":{"line":26,"column":59}},"14":{"start":{"line":27,"column":4},"end":{"line":36,"column":8}},"15":{"start":{"line":29,"column":17},"end":{"line":29,"column":38}},"16":{"start":{"line":32,"column":8},"end":{"line":32,"column":45}},"17":{"start":{"line":33,"column":8},"end":{"line":33,"column":53}},"18":{"start":{"line":34,"column":8},"end":{"line":34,"column":50}},"19":{"start":{"line":35,"column":8},"end":{"line":35,"column":55}},"20":{"start":{"line":40,"column":22},"end":{"line":60,"column":3}},"21":{"start":{"line":41,"column":4},"end":{"line":41,"column":22}},"22":{"start":{"line":42,"column":17},"end":{"line":48,"column":5}},"23":{"start":{"line":49,"column":4},"end":{"line":49,"column":59}},"24":{"start":{"line":50,"column":4},"end":{"line":59,"column":8}},"25":{"start":{"line":52,"column":17},"end":{"line":52,"column":38}},"26":{"start":{"line":55,"column":8},"end":{"line":55,"column":49}},"27":{"start":{"line":56,"column":8},"end":{"line":56,"column":57}},"28":{"start":{"line":57,"column":8},"end":{"line":57,"column":50}},"29":{"start":{"line":58,"column":8},"end":{"line":58,"column":50}},"30":{"start":{"line":63,"column":10},"end":{"line":75,"column":3}},"31":{"start":{"line":64,"column":4},"end":{"line":74,"column":5}},"32":{"start":{"line":65,"column":6},"end":{"line":71,"column":8}},"33":{"start":{"line":70,"column":8},"end":{"line":70,"column":40}},"34":{"start":{"line":73,"column":6},"end":{"line":73,"column":17}},"35":{"start":{"line":78,"column":15},"end":{"line":95,"column":3}},"36":{"start":{"line":79,"column":4},"end":{"line":94,"column":5}},"37":{"start":{"line":80,"column":6},"end":{"line":91,"column":8}},"38":{"start":{"line":89,"column":8},"end":{"line":89,"column":57}},"39":{"start":{"line":90,"column":8},"end":{"line":90,"column":31}},"40":{"start":{"line":93,"column":6},"end":{"line":93,"column":17}}},"fnMap":{"0":{"name":"(anonymous_0)","decl":{"start":{"line":7,"column":2},"end":{"line":7,"column":3}},"loc":{"start":{"line":7,"column":80},"end":{"line":17,"column":3}},"line":7},"1":{"name":"(anonymous_1)","decl":{"start":{"line":18,"column":25},"end":{"line":18,"column":26}},"loc":{"start":{"line":18,"column":30},"end":{"line":38,"column":3}},"line":18},"2":{"name":"(anonymous_2)","decl":{"start":{"line":29,"column":8},"end":{"line":29,"column":9}},"loc":{"start":{"line":29,"column":17},"end":{"line":29,"column":38}},"line":29},"3":{"name":"(anonymous_3)","decl":{"start":{"line":31,"column":12},"end":{"line":31,"column":13}},"loc":{"start":{"line":31,"column":18},"end":{"line":36,"column":7}},"line":31},"4":{"name":"(anonymous_4)","decl":{"start":{"line":40,"column":22},"end":{"line":40,"column":23}},"loc":{"start":{"line":40,"column":27},"end":{"line":60,"column":3}},"line":40},"5":{"name":"(anonymous_5)","decl":{"start":{"line":52,"column":8},"end":{"line":52,"column":9}},"loc":{"start":{"line":52,"column":17},"end":{"line":52,"column":38}},"line":52},"6":{"name":"(anonymous_6)","decl":{"start":{"line":54,"column":12},"end":{"line":54,"column":13}},"loc":{"start":{"line":54,"column":18},"end":{"line":59,"column":7}},"line":54},"7":{"name":"(anonymous_7)","decl":{"start":{"line":63,"column":10},"end":{"line":63,"column":11}},"loc":{"start":{"line":63,"column":20},"end":{"line":75,"column":3}},"line":63},"8":{"name":"(anonymous_8)","decl":{"start":{"line":69,"column":15},"end":{"line":69,"column":16}},"loc":{"start":{"line":69,"column":26},"end":{"line":71,"column":7}},"line":69},"9":{"name":"(anonymous_9)","decl":{"start":{"line":78,"column":15},"end":{"line":78,"column":16}},"loc":{"start":{"line":78,"column":25},"end":{"line":95,"column":3}},"line":78},"10":{"name":"(anonymous_10)","decl":{"start":{"line":88,"column":12},"end":{"line":88,"column":13}},"loc":{"start":{"line":88,"column":18},"end":{"line":91,"column":7}},"line":88}},"branchMap":{"0":{"loc":{"start":{"line":64,"column":4},"end":{"line":74,"column":5}},"type":"if","locations":[{"start":{"line":64,"column":4},"end":{"line":74,"column":5}},{"start":{"line":64,"column":4},"end":{"line":74,"column":5}}],"line":64},"1":{"loc":{"start":{"line":79,"column":4},"end":{"line":94,"column":5}},"type":"if","locations":[{"start":{"line":79,"column":4},"end":{"line":94,"column":5}},{"start":{"line":79,"column":4},"end":{"line":94,"column":5}}],"line":79}},"s":{"0":4,"1":5,"2":5,"3":5,"4":5,"5":5,"6":5,"7":5,"8":5,"9":5,"10":5,"11":2,"12":2,"13":2,"14":2,"15":0,"16":2,"17":2,"18":2,"19":2,"20":5,"21":2,"22":2,"23":2,"24":2,"25":0,"26":2,"27":2,"28":2,"29":2,"30":5,"31":0,"32":0,"33":0,"34":0,"35":5,"36":0,"37":0,"38":0,"39":0,"40":0},"f":{"0":5,"1":2,"2":0,"3":2,"4":2,"5":0,"6":2,"7":0,"8":0,"9":0,"10":0},"b":{"0":[0,0],"1":[0,0]},"_coverageSchema":"1a1c01bbd47fc00a2c39e90264f33305004495a9","hash":"1da9724d609f422ba4ab3bcaf3335c35b116f3fc"}
,"/Users/macbook/Desktop/Projet_9_Letot_Dagan1/Letot_Dagan_1_code_032024/bill-app/Billed-app-FR-Front/src/containers/Logout.js": {"path":"/Users/macbook/Desktop/Projet_9_Letot_Dagan1/Letot_Dagan_1_code_032024/bill-app/Billed-app-FR-Front/src/containers/Logout.js","statementMap":{"0":{"start":{"line":5,"column":4},"end":{"line":5,"column":28}},"1":{"start":{"line":6,"column":4},"end":{"line":6,"column":32}},"2":{"start":{"line":7,"column":4},"end":{"line":7,"column":36}},"3":{"start":{"line":8,"column":4},"end":{"line":8,"column":51}},"4":{"start":{"line":11,"column":16},"end":{"line":14,"column":3}},"5":{"start":{"line":12,"column":4},"end":{"line":12,"column":29}},"6":{"start":{"line":13,"column":4},"end":{"line":13,"column":41}}},"fnMap":{"0":{"name":"(anonymous_0)","decl":{"start":{"line":4,"column":2},"end":{"line":4,"column":3}},"loc":{"start":{"line":4,"column":54},"end":{"line":9,"column":3}},"line":4},"1":{"name":"(anonymous_1)","decl":{"start":{"line":11,"column":16},"end":{"line":11,"column":17}},"loc":{"start":{"line":11,"column":23},"end":{"line":14,"column":3}},"line":11}},"branchMap":{},"s":{"0":32,"1":32,"2":32,"3":32,"4":32,"5":2,"6":2},"f":{"0":32,"1":2},"b":{},"_coverageSchema":"1a1c01bbd47fc00a2c39e90264f33305004495a9","hash":"39d018b82e081e39f3f144062671a893e7ad1cf1"}
,"/Users/macbook/Desktop/Projet_9_Letot_Dagan1/Letot_Dagan_1_code_032024/bill-app/Billed-app-FR-Front/src/containers/NewBill.js": {"path":"/Users/macbook/Desktop/Projet_9_Letot_Dagan1/Letot_Dagan_1_code_032024/bill-app/Billed-app-FR-Front/src/containers/NewBill.js","statementMap":{"0":{"start":{"line":7,"column":4},"end":{"line":7,"column":28}},"1":{"start":{"line":8,"column":4},"end":{"line":8,"column":32}},"2":{"start":{"line":9,"column":4},"end":{"line":9,"column":22}},"3":{"start":{"line":10,"column":24},"end":{"line":10,"column":88}},"4":{"start":{"line":12,"column":4},"end":{"line":12,"column":61}},"5":{"start":{"line":13,"column":4},"end":{"line":13,"column":53}},"6":{"start":{"line":14,"column":4},"end":{"line":14,"column":61}},"7":{"start":{"line":15,"column":17},"end":{"line":15,"column":73}},"8":{"start":{"line":16,"column":4},"end":{"line":18,"column":5}},"9":{"start":{"line":17,"column":6},"end":{"line":17,"column":61}},"10":{"start":{"line":19,"column":4},"end":{"line":19,"column":23}},"11":{"start":{"line":20,"column":4},"end":{"line":20,"column":24}},"12":{"start":{"line":21,"column":4},"end":{"line":21,"column":22}},"13":{"start":{"line":22,"column":4},"end":{"line":22,"column":54}},"14":{"start":{"line":24,"column":21},"end":{"line":62,"column":1}},"15":{"start":{"line":25,"column":4},"end":{"line":25,"column":23}},"16":{"start":{"line":26,"column":22},"end":{"line":26,"column":78}},"17":{"start":{"line":27,"column":17},"end":{"line":27,"column":35}},"18":{"start":{"line":28,"column":21},"end":{"line":28,"column":48}},"19":{"start":{"line":29,"column":21},"end":{"line":29,"column":48}},"20":{"start":{"line":33,"column":30},"end":{"line":33,"column":52}},"21":{"start":{"line":34,"column":26},"end":{"line":34,"column":65}},"22":{"start":{"line":36,"column":4},"end":{"line":40,"column":5}},"23":{"start":{"line":37,"column":8},"end":{"line":37,"column":87}},"24":{"start":{"line":38,"column":8},"end":{"line":38,"column":29}},"25":{"start":{"line":39,"column":8},"end":{"line":39,"column":15}},"26":{"start":{"line":42,"column":21},"end":{"line":42,"column":35}},"27":{"start":{"line":43,"column":18},"end":{"line":43,"column":64}},"28":{"start":{"line":44,"column":4},"end":{"line":44,"column":34}},"29":{"start":{"line":45,"column":4},"end":{"line":45,"column":36}},"30":{"start":{"line":47,"column":4},"end":{"line":61,"column":46}},"31":{"start":{"line":56,"column":12},"end":{"line":56,"column":33}},"32":{"start":{"line":57,"column":12},"end":{"line":57,"column":30}},"33":{"start":{"line":58,"column":12},"end":{"line":58,"column":35}},"34":{"start":{"line":59,"column":12},"end":{"line":59,"column":37}},"35":{"start":{"line":61,"column":24},"end":{"line":61,"column":44}},"36":{"start":{"line":64,"column":2},"end":{"line":64,"column":21}},"37":{"start":{"line":65,"column":2},"end":{"line":65,"column":146}},"38":{"start":{"line":66,"column":16},"end":{"line":66,"column":62}},"39":{"start":{"line":67,"column":15},"end":{"line":79,"column":3}},"40":{"start":{"line":81,"column":2},"end":{"line":81,"column":24}},"41":{"start":{"line":82,"column":2},"end":{"line":82,"column":40}},"42":{"start":{"line":86,"column":15},"end":{"line":96,"column":3}},"43":{"start":{"line":87,"column":4},"end":{"line":95,"column":5}},"44":{"start":{"line":88,"column":6},"end":{"line":94,"column":43}},"45":{"start":{"line":92,"column":8},"end":{"line":92,"column":45}},"46":{"start":{"line":94,"column":22},"end":{"line":94,"column":42}}},"fnMap":{"0":{"name":"(anonymous_0)","decl":{"start":{"line":6,"column":2},"end":{"line":6,"column":3}},"loc":{"start":{"line":6,"column":61},"end":{"line":23,"column":3}},"line":6},"1":{"name":"(anonymous_1)","decl":{"start":{"line":24,"column":21},"end":{"line":24,"column":22}},"loc":{"start":{"line":24,"column":26},"end":{"line":62,"column":1}},"line":24},"2":{"name":"(anonymous_2)","decl":{"start":{"line":55,"column":14},"end":{"line":55,"column":15}},"loc":{"start":{"line":55,"column":34},"end":{"line":60,"column":9}},"line":55},"3":{"name":"(anonymous_3)","decl":{"start":{"line":61,"column":15},"end":{"line":61,"column":16}},"loc":{"start":{"line":61,"column":24},"end":{"line":61,"column":44}},"line":61},"4":{"name":"(anonymous_4)","decl":{"start":{"line":63,"column":0},"end":{"line":63,"column":1}},"loc":{"start":{"line":63,"column":16},"end":{"line":83,"column":1}},"line":63},"5":{"name":"(anonymous_5)","decl":{"start":{"line":86,"column":15},"end":{"line":86,"column":16}},"loc":{"start":{"line":86,"column":25},"end":{"line":96,"column":3}},"line":86},"6":{"name":"(anonymous_6)","decl":{"start":{"line":91,"column":12},"end":{"line":91,"column":13}},"loc":{"start":{"line":91,"column":18},"end":{"line":93,"column":7}},"line":91},"7":{"name":"(anonymous_7)","decl":{"start":{"line":94,"column":13},"end":{"line":94,"column":14}},"loc":{"start":{"line":94,"column":22},"end":{"line":94,"column":42}},"line":94}},"branchMap":{"0":{"loc":{"start":{"line":16,"column":4},"end":{"line":18,"column":5}},"type":"if","locations":[{"start":{"line":16,"column":4},"end":{"line":18,"column":5}},{"start":{"line":16,"column":4},"end":{"line":18,"column":5}}],"line":16},"1":{"loc":{"start":{"line":36,"column":4},"end":{"line":40,"column":5}},"type":"if","locations":[{"start":{"line":36,"column":4},"end":{"line":40,"column":5}},{"start":{"line":36,"column":4},"end":{"line":40,"column":5}}],"line":36},"2":{"loc":{"start":{"line":74,"column":9},"end":{"line":74,"column":81}},"type":"binary-expr","locations":[{"start":{"line":74,"column":9},"end":{"line":74,"column":75}},{"start":{"line":74,"column":79},"end":{"line":74,"column":81}}],"line":74},"3":{"loc":{"start":{"line":87,"column":4},"end":{"line":95,"column":5}},"type":"if","locations":[{"start":{"line":87,"column":4},"end":{"line":95,"column":5}},{"start":{"line":87,"column":4},"end":{"line":95,"column":5}}],"line":87}},"s":{"0":3,"1":3,"2":3,"3":3,"4":3,"5":3,"6":3,"7":3,"8":3,"9":3,"10":3,"11":3,"12":3,"13":3,"14":3,"15":1,"16":1,"17":1,"18":1,"19":1,"20":1,"21":1,"22":1,"23":1,"24":1,"25":1,"26":0,"27":0,"28":0,"29":0,"30":0,"31":0,"32":0,"33":0,"34":0,"35":0,"36":1,"37":1,"38":1,"39":1,"40":1,"41":1,"42":3,"43":1,"44":0,"45":0,"46":0},"f":{"0":3,"1":1,"2":0,"3":0,"4":1,"5":1,"6":0,"7":0},"b":{"0":[3,0],"1":[1,0],"2":[1,0],"3":[0,1]},"_coverageSchema":"1a1c01bbd47fc00a2c39e90264f33305004495a9","hash":"78b772b418f047c55b3c46c90ce76aeb38de3b08"}
,"/Users/macbook/Desktop/Projet_9_Letot_Dagan1/Letot_Dagan_1_code_032024/bill-app/Billed-app-FR-Front/src/views/Actions.js": {"path":"/Users/macbook/Desktop/Projet_9_Letot_Dagan1/Letot_Dagan_1_code_032024/bill-app/Billed-app-FR-Front/src/views/Actions.js","statementMap":{"0":{"start":{"line":5,"column":2},"end":{"line":11,"column":3}}},"fnMap":{"0":{"name":"(anonymous_0)","decl":{"start":{"line":4,"column":15},"end":{"line":4,"column":16}},"loc":{"start":{"line":4,"column":28},"end":{"line":12,"column":1}},"line":4}},"branchMap":{},"s":{"0":30},"f":{"0":30},"b":{},"_coverageSchema":"1a1c01bbd47fc00a2c39e90264f33305004495a9","hash":"99c8c88b08d5d3b5e30a9d309d01cd02c03183ab"}
,"/Users/macbook/Desktop/Projet_9_Letot_Dagan1/Letot_Dagan_1_code_032024/bill-app/Billed-app-FR-Front/src/views/BillsUI.js": {"path":"/Users/macbook/Desktop/Projet_9_Letot_Dagan1/Letot_Dagan_1_code_032024/bill-app/Billed-app-FR-Front/src/views/BillsUI.js","statementMap":{"0":{"start":{"line":7,"column":12},"end":{"line":20,"column":3}},"1":{"start":{"line":8,"column":2},"end":{"line":19,"column":6}},"2":{"start":{"line":22,"column":15},"end":{"line":29,"column":3}},"3":{"start":{"line":23,"column":4},"end":{"line":27,"column":5}},"4":{"start":{"line":25,"column":26},"end":{"line":25,"column":82}},"5":{"start":{"line":25,"column":46},"end":{"line":25,"column":81}},"6":{"start":{"line":26,"column":6},"end":{"line":26,"column":56}},"7":{"start":{"line":26,"column":37},"end":{"line":26,"column":46}},"8":{"start":{"line":28,"column":4},"end":{"line":28,"column":14}},"9":{"start":{"line":34,"column":16},"end":{"line":49,"column":4}},"10":{"start":{"line":34,"column":23},"end":{"line":49,"column":3}},"11":{"start":{"line":51,"column":2},"end":{"line":55,"column":3}},"12":{"start":{"line":52,"column":4},"end":{"line":52,"column":24}},"13":{"start":{"line":53,"column":9},"end":{"line":55,"column":3}},"14":{"start":{"line":54,"column":4},"end":{"line":54,"column":27}},"15":{"start":{"line":57,"column":2},"end":{"line":85,"column":3}}},"fnMap":{"0":{"name":"(anonymous_0)","decl":{"start":{"line":7,"column":12},"end":{"line":7,"column":13}},"loc":{"start":{"line":7,"column":22},"end":{"line":20,"column":3}},"line":7},"1":{"name":"(anonymous_1)","decl":{"start":{"line":22,"column":15},"end":{"line":22,"column":16}},"loc":{"start":{"line":22,"column":25},"end":{"line":29,"column":3}},"line":22},"2":{"name":"(anonymous_2)","decl":{"start":{"line":25,"column":36},"end":{"line":25,"column":37}},"loc":{"start":{"line":25,"column":46},"end":{"line":25,"column":81}},"line":25},"3":{"name":"(anonymous_3)","decl":{"start":{"line":26,"column":29},"end":{"line":26,"column":30}},"loc":{"start":{"line":26,"column":37},"end":{"line":26,"column":46}},"line":26},"4":{"name":"(anonymous_4)","decl":{"start":{"line":32,"column":15},"end":{"line":32,"column":16}},"loc":{"start":{"line":32,"column":52},"end":{"line":86,"column":1}},"line":32},"5":{"name":"(anonymous_5)","decl":{"start":{"line":34,"column":16},"end":{"line":34,"column":17}},"loc":{"start":{"line":34,"column":23},"end":{"line":49,"column":3}},"line":34}},"branchMap":{"0":{"loc":{"start":{"line":23,"column":4},"end":{"line":27,"column":5}},"type":"if","locations":[{"start":{"line":23,"column":4},"end":{"line":27,"column":5}},{"start":{"line":23,"column":4},"end":{"line":27,"column":5}}],"line":23},"1":{"loc":{"start":{"line":23,"column":8},"end":{"line":23,"column":27}},"type":"binary-expr","locations":[{"start":{"line":23,"column":8},"end":{"line":23,"column":12}},{"start":{"line":23,"column":16},"end":{"line":23,"column":27}}],"line":23},"2":{"loc":{"start":{"line":51,"column":2},"end":{"line":55,"column":3}},"type":"if","locations":[{"start":{"line":51,"column":2},"end":{"line":55,"column":3}},{"start":{"line":51,"column":2},"end":{"line":55,"column":3}}],"line":51},"3":{"loc":{"start":{"line":53,"column":9},"end":{"line":55,"column":3}},"type":"if","locations":[{"start":{"line":53,"column":9},"end":{"line":55,"column":3}},{"start":{"line":53,"column":9},"end":{"line":55,"column":3}}],"line":53}},"s":{"0":6,"1":28,"2":6,"3":11,"4":7,"5":24,"6":7,"7":28,"8":4,"9":24,"10":11,"11":24,"12":8,"13":16,"14":5,"15":11},"f":{"0":28,"1":11,"2":24,"3":28,"4":24,"5":11},"b":{"0":[7,4],"1":[11,9],"2":[8,16],"3":[5,11]},"_coverageSchema":"1a1c01bbd47fc00a2c39e90264f33305004495a9","hash":"f4029705e3d864dd4138da6c6e9e91b8b50808f4"}
,"/Users/macbook/Desktop/Projet_9_Letot_Dagan1/Letot_Dagan_1_code_032024/bill-app/Billed-app-FR-Front/src/views/DashboardFormUI.js": {"path":"/Users/macbook/Desktop/Projet_9_Letot_Dagan1/Letot_Dagan_1_code_032024/bill-app/Billed-app-FR-Front/src/views/DashboardFormUI.js","statementMap":{"0":{"start":{"line":7,"column":21},"end":{"line":22,"column":4}},"1":{"start":{"line":7,"column":28},"end":{"line":22,"column":3}},"2":{"start":{"line":26,"column":2},"end":{"line":101,"column":4}}},"fnMap":{"0":{"name":"(anonymous_0)","decl":{"start":{"line":7,"column":21},"end":{"line":7,"column":22}},"loc":{"start":{"line":7,"column":28},"end":{"line":22,"column":3}},"line":7},"1":{"name":"(anonymous_1)","decl":{"start":{"line":24,"column":15},"end":{"line":24,"column":16}},"loc":{"start":{"line":24,"column":25},"end":{"line":102,"column":1}},"line":24}},"branchMap":{"0":{"loc":{"start":{"line":79,"column":9},"end":{"line":89,"column":9}},"type":"cond-expr","locations":[{"start":{"line":79,"column":38},"end":{"line":84,"column":8}},{"start":{"line":84,"column":13},"end":{"line":89,"column":8}}],"line":79},"1":{"loc":{"start":{"line":92,"column":8},"end":{"line":97,"column":13}},"type":"cond-expr","locations":[{"start":{"line":92,"column":37},"end":{"line":97,"column":7}},{"start":{"line":97,"column":11},"end":{"line":97,"column":13}}],"line":92}},"s":{"0":7,"1":9,"2":9},"f":{"0":9,"1":9},"b":{"0":[6,3],"1":[6,3]},"_coverageSchema":"1a1c01bbd47fc00a2c39e90264f33305004495a9","hash":"a76f1cc37e41df8ae31c7a0b491d055c9344950f"}
,"/Users/macbook/Desktop/Projet_9_Letot_Dagan1/Letot_Dagan_1_code_032024/bill-app/Billed-app-FR-Front/src/views/DashboardUI.js": {"path":"/Users/macbook/Desktop/Projet_9_Letot_Dagan1/Letot_Dagan_1_code_032024/bill-app/Billed-app-FR-Front/src/views/DashboardUI.js","statementMap":{"0":{"start":{"line":10,"column":2},"end":{"line":14,"column":3}},"1":{"start":{"line":11,"column":4},"end":{"line":11,"column":24}},"2":{"start":{"line":12,"column":9},"end":{"line":14,"column":3}},"3":{"start":{"line":13,"column":4},"end":{"line":13,"column":27}},"4":{"start":{"line":16,"column":2},"end":{"line":48,"column":3}}},"fnMap":{"0":{"name":"(anonymous_0)","decl":{"start":{"line":8,"column":15},"end":{"line":8,"column":16}},"loc":{"start":{"line":8,"column":45},"end":{"line":49,"column":1}},"line":8}},"branchMap":{"0":{"loc":{"start":{"line":10,"column":2},"end":{"line":14,"column":3}},"type":"if","locations":[{"start":{"line":10,"column":2},"end":{"line":14,"column":3}},{"start":{"line":10,"column":2},"end":{"line":14,"column":3}}],"line":10},"1":{"loc":{"start":{"line":12,"column":9},"end":{"line":14,"column":3}},"type":"if","locations":[{"start":{"line":12,"column":9},"end":{"line":14,"column":3}},{"start":{"line":12,"column":9},"end":{"line":14,"column":3}}],"line":12},"2":{"loc":{"start":{"line":22,"column":45},"end":{"line":22,"column":63}},"type":"binary-expr","locations":[{"start":{"line":22,"column":45},"end":{"line":22,"column":49}},{"start":{"line":22,"column":53},"end":{"line":22,"column":63}}],"line":22},"3":{"loc":{"start":{"line":29,"column":43},"end":{"line":29,"column":61}},"type":"binary-expr","locations":[{"start":{"line":29,"column":43},"end":{"line":29,"column":47}},{"start":{"line":29,"column":51},"end":{"line":29,"column":61}}],"line":29},"4":{"loc":{"start":{"line":36,"column":43},"end":{"line":36,"column":61}},"type":"binary-expr","locations":[{"start":{"line":36,"column":43},"end":{"line":36,"column":47}},{"start":{"line":36,"column":51},"end":{"line":36,"column":61}}],"line":36}},"s":{"0":21,"1":6,"2":15,"3":3,"4":12},"f":{"0":21},"b":{"0":[6,15],"1":[3,12],"2":[12,7],"3":[12,7],"4":[12,7]},"_coverageSchema":"1a1c01bbd47fc00a2c39e90264f33305004495a9","hash":"68980536a7eb2e95243d8e5c1a22280894e317ad"}
,"/Users/macbook/Desktop/Projet_9_Letot_Dagan1/Letot_Dagan_1_code_032024/bill-app/Billed-app-FR-Front/src/views/ErrorPage.js": {"path":"/Users/macbook/Desktop/Projet_9_Letot_Dagan1/Letot_Dagan_1_code_032024/bill-app/Billed-app-FR-Front/src/views/ErrorPage.js","statementMap":{"0":{"start":{"line":4,"column":2},"end":{"line":15,"column":3}}},"fnMap":{"0":{"name":"(anonymous_0)","decl":{"start":{"line":3,"column":15},"end":{"line":3,"column":16}},"loc":{"start":{"line":3,"column":26},"end":{"line":16,"column":1}},"line":3}},"branchMap":{"0":{"loc":{"start":{"line":12,"column":12},"end":{"line":12,"column":30}},"type":"cond-expr","locations":[{"start":{"line":12,"column":20},"end":{"line":12,"column":25}},{"start":{"line":12,"column":28},"end":{"line":12,"column":30}}],"line":12}},"s":{"0":10},"f":{"0":10},"b":{"0":[9,1]},"_coverageSchema":"1a1c01bbd47fc00a2c39e90264f33305004495a9","hash":"4bc42bc3540ff647730ca9325b5a264a1f06fe0a"}
,"/Users/macbook/Desktop/Projet_9_Letot_Dagan1/Letot_Dagan_1_code_032024/bill-app/Billed-app-FR-Front/src/views/LoadingPage.js": {"path":"/Users/macbook/Desktop/Projet_9_Letot_Dagan1/Letot_Dagan_1_code_032024/bill-app/Billed-app-FR-Front/src/views/LoadingPage.js","statementMap":{"0":{"start":{"line":5,"column":2},"end":{"line":12,"column":3}}},"fnMap":{"0":{"name":"(anonymous_0)","decl":{"start":{"line":3,"column":15},"end":{"line":3,"column":16}},"loc":{"start":{"line":3,"column":21},"end":{"line":13,"column":1}},"line":3}},"branchMap":{},"s":{"0":15},"f":{"0":15},"b":{},"_coverageSchema":"1a1c01bbd47fc00a2c39e90264f33305004495a9","hash":"6aa8748cc8626b458b7459c2553e08bb9d6030d0"}
,"/Users/macbook/Desktop/Projet_9_Letot_Dagan1/Letot_Dagan_1_code_032024/bill-app/Billed-app-FR-Front/src/views/LoginUI.js": {"path":"/Users/macbook/Desktop/Projet_9_Letot_Dagan1/Letot_Dagan_1_code_032024/bill-app/Billed-app-FR-Front/src/views/LoginUI.js","statementMap":{"0":{"start":{"line":4,"column":2},"end":{"line":46,"column":4}}},"fnMap":{"0":{"name":"(anonymous_0)","decl":{"start":{"line":2,"column":15},"end":{"line":2,"column":16}},"loc":{"start":{"line":2,"column":21},"end":{"line":47,"column":1}},"line":2}},"branchMap":{},"s":{"0":18},"f":{"0":18},"b":{},"_coverageSchema":"1a1c01bbd47fc00a2c39e90264f33305004495a9","hash":"a748086c4b190dcdd8cfce4e072d09f5319b8ac4"}
,"/Users/macbook/Desktop/Projet_9_Letot_Dagan1/Letot_Dagan_1_code_032024/bill-app/Billed-app-FR-Front/src/views/NewBillUI.js": {"path":"/Users/macbook/Desktop/Projet_9_Letot_Dagan1/Letot_Dagan_1_code_032024/bill-app/Billed-app-FR-Front/src/views/NewBillUI.js","statementMap":{"0":{"start":{"line":5,"column":2},"end":{"line":73,"column":4}}},"fnMap":{"0":{"name":"(anonymous_0)","decl":{"start":{"line":3,"column":15},"end":{"line":3,"column":16}},"loc":{"start":{"line":3,"column":21},"end":{"line":74,"column":1}},"line":3}},"branchMap":{},"s":{"0":6},"f":{"0":6},"b":{},"_coverageSchema":"1a1c01bbd47fc00a2c39e90264f33305004495a9","hash":"704f78ca176945ad7408582d2ef707cf2bdd89d5"}
,"/Users/macbook/Desktop/Projet_9_Letot_Dagan1/Letot_Dagan_1_code_032024/bill-app/Billed-app-FR-Front/src/views/VerticalLayout.js": {"path":"/Users/macbook/Desktop/Projet_9_Letot_Dagan1/Letot_Dagan_1_code_032024/bill-app/Billed-app-FR-Front/src/views/VerticalLayout.js","statementMap":{"0":{"start":{"line":7,"column":4},"end":{"line":7,"column":51}},"1":{"start":{"line":8,"column":4},"end":{"line":10,"column":5}},"2":{"start":{"line":9,"column":6},"end":{"line":9,"column":29}},"3":{"start":{"line":11,"column":4},"end":{"line":39,"column":5}},"4":{"start":{"line":12,"column":6},"end":{"line":27,"column":7}},"5":{"start":{"line":29,"column":6},"end":{"line":38,"column":7}}},"fnMap":{"0":{"name":"(anonymous_0)","decl":{"start":{"line":5,"column":15},"end":{"line":5,"column":16}},"loc":{"start":{"line":5,"column":27},"end":{"line":40,"column":1}},"line":5}},"branchMap":{"0":{"loc":{"start":{"line":8,"column":4},"end":{"line":10,"column":5}},"type":"if","locations":[{"start":{"line":8,"column":4},"end":{"line":10,"column":5}},{"start":{"line":8,"column":4},"end":{"line":10,"column":5}}],"line":8},"1":{"loc":{"start":{"line":11,"column":4},"end":{"line":39,"column":5}},"type":"if","locations":[{"start":{"line":11,"column":4},"end":{"line":39,"column":5}},{"start":{"line":11,"column":4},"end":{"line":39,"column":5}}],"line":11},"2":{"loc":{"start":{"line":11,"column":8},"end":{"line":11,"column":40}},"type":"binary-expr","locations":[{"start":{"line":11,"column":8},"end":{"line":11,"column":12}},{"start":{"line":11,"column":16},"end":{"line":11,"column":40}}],"line":11}},"s":{"0":55,"1":55,"2":42,"3":55,"4":26,"5":29},"f":{"0":55},"b":{"0":[42,13],"1":[26,29],"2":[55,42]},"_coverageSchema":"1a1c01bbd47fc00a2c39e90264f33305004495a9","hash":"f11f46fc7cece0dc6256ec21066c69aa65d2958d"}
}
